# JRE version: Java(TM) SE Runtime Environment (17.0.11+7) (build 17.0.11+7-LTS-207)
# Java VM: Java HotSpot(TM) 64-Bit Server VM (17.0.11+7-LTS-207, mixed mode, sharing, tiered, compressed oops, compressed class ptrs, g1 gc, windows-amd64)
GC Precious Log:
 CPUs: 2 total, 2 available
 Memory: 3463M
 Large Page Support: Disabled
 NUMA Support: Disabled
 Compressed Oops: Enabled (32-bit)
 Heap Region Size: 1M
 Heap Min Capacity: 256M
 Heap Initial Capacity: 256M
 Heap Max Capacity: 512M
 Pre-touch: Disabled
 Parallel Workers: 2
 Concurrent Workers: 1
 Concurrent Refinement Workers: 2
 Periodic GC: Disabled
Heap:
 garbage-first heap   total 262144K, used 79356K [0x00000000e0000000, 0x0000000100000000)
  region size 1024K, 1 young (1024K), 1 survivors (1024K)
 Metaspace       used 75347K, committed 77376K, reserved 344064K
  class space    used 9795K, committed 10496K, reserved 212992K
GC Heap History (20 events):
Event: 5236.286 GC heap after
{Heap after GC invocations=42 (full 0):
 garbage-first heap   total 262144K, used 93447K [0x00000000e0000000, 0x0000000100000000)
  region size 1024K, 1 young (1024K), 1 survivors (1024K)
 Metaspace       used 75996K, committed 77440K, reserved 344064K
  class space    used 9934K, committed 10496K, reserved 212992K
}
Event: 5901.284 GC heap before
{Heap before GC invocations=42 (full 0):
 garbage-first heap   total 262144K, used 104711K [0x00000000e0000000, 0x0000000100000000)
  region size 1024K, 12 young (12288K), 1 survivors (1024K)
 Metaspace       used 75998K, committed 77440K, reserved 344064K
  class space    used 9934K, committed 10496K, reserved 212992K
}
Event: 5902.036 GC heap after
{Heap after GC invocations=43 (full 0):
 garbage-first heap   total 262144K, used 89218K [0x00000000e0000000, 0x0000000100000000)
  region size 1024K, 1 young (1024K), 1 survivors (1024K)
 Metaspace       used 75998K, committed 77440K, reserved 344064K
  class space    used 9934K, committed 10496K, reserved 212992K
}
Event: 6561.781 GC heap before
{Heap before GC invocations=43 (full 0):
 garbage-first heap   total 262144K, used 100482K [0x00000000e0000000, 0x0000000100000000)
  region size 1024K, 12 young (12288K), 1 survivors (1024K)
 Metaspace       used 75999K, committed 77440K, reserved 344064K
  class space    used 9934K, committed 10496K, reserved 212992K
}
Event: 6562.189 GC heap after
{Heap after GC invocations=44 (full 0):
 garbage-first heap   total 262144K, used 86014K [0x00000000e0000000, 0x0000000100000000)
  region size 1024K, 1 young (1024K), 1 survivors (1024K)
 Metaspace       used 75999K, committed 77440K, reserved 344064K
  class space    used 9934K, committed 10496K, reserved 212992K
}
Event: 27981.425 GC heap before
{Heap before GC invocations=44 (full 0):
 garbage-first heap   total 262144K, used 97278K [0x00000000e0000000, 0x0000000100000000)
  region size 1024K, 12 young (12288K), 1 survivors (1024K)
 Metaspace       used 76004K, committed 77440K, reserved 344064K
  class space    used 9934K, committed 10496K, reserved 212992K
}
Event: 27981.832 GC heap after
{Heap after GC invocations=45 (full 0):
 garbage-first heap   total 262144K, used 85014K [0x00000000e0000000, 0x0000000100000000)
  region size 1024K, 1 young (1024K), 1 survivors (1024K)
 Metaspace       used 76004K, committed 77440K, reserved 344064K
  class space    used 9934K, committed 10496K, reserved 212992K
}
Event: 27988.734 GC heap before
{Heap before GC invocations=45 (full 0):
 garbage-first heap   total 262144K, used 103446K [0x00000000e0000000, 0x0000000100000000)
  region size 1024K, 19 young (19456K), 1 survivors (1024K)
 Metaspace       used 76004K, committed 77440K, reserved 344064K
  class space    used 9934K, committed 10496K, reserved 212992K
}
Event: 27989.242 GC heap after
{Heap after GC invocations=46 (full 0):
 garbage-first heap   total 262144K, used 85014K [0x00000000e0000000, 0x0000000100000000)
  region size 1024K, 1 young (1024K), 1 survivors (1024K)
 Metaspace       used 76004K, committed 77440K, reserved 344064K
  class space    used 9934K, committed 10496K, reserved 212992K
}
Event: 28005.206 GC heap before
{Heap before GC invocations=47 (full 0):
 garbage-first heap   total 262144K, used 109590K [0x00000000e0000000, 0x0000000100000000)
  region size 1024K, 25 young (25600K), 1 survivors (1024K)
 Metaspace       used 75346K, committed 77376K, reserved 344064K
  class space    used 9795K, committed 10496K, reserved 212992K
}
Event: 28005.223 GC heap after
{Heap after GC invocations=48 (full 0):
 garbage-first heap   total 262144K, used 85016K [0x00000000e0000000, 0x0000000100000000)
  region size 1024K, 1 young (1024K), 1 survivors (1024K)
 Metaspace       used 75346K, committed 77376K, reserved 344064K
  class space    used 9795K, committed 10496K, reserved 212992K
}
Event: 28005.349 GC heap before
{Heap before GC invocations=48 (full 0):
 garbage-first heap   total 262144K, used 96280K [0x00000000e0000000, 0x0000000100000000)
  region size 1024K, 12 young (12288K), 1 survivors (1024K)
 Metaspace       used 75347K, committed 77376K, reserved 344064K
  class space    used 9795K, committed 10496K, reserved 212992K
}
Event: 28005.363 GC heap after
{Heap after GC invocations=49 (full 0):
 garbage-first heap   total 262144K, used 83514K [0x00000000e0000000, 0x0000000100000000)
  region size 1024K, 1 young (1024K), 1 survivors (1024K)
 Metaspace       used 75347K, committed 77376K, reserved 344064K
  class space    used 9795K, committed 10496K, reserved 212992K
}
Event: 28005.412 GC heap before
{Heap before GC invocations=49 (full 0):
 garbage-first heap   total 262144K, used 94778K [0x00000000e0000000, 0x0000000100000000)
  region size 1024K, 12 young (12288K), 1 survivors (1024K)
 Metaspace       used 75347K, committed 77376K, reserved 344064K
  class space    used 9795K, committed 10496K, reserved 212992K
}
Event: 28005.431 GC heap after
{Heap after GC invocations=50 (full 0):
 garbage-first heap   total 262144K, used 82530K [0x00000000e0000000, 0x0000000100000000)
  region size 1024K, 1 young (1024K), 1 survivors (1024K)
 Metaspace       used 75347K, committed 77376K, reserved 344064K
  class space    used 9795K, committed 10496K, reserved 212992K
}
Event: 28005.460 GC heap before
{Heap before GC invocations=50 (full 0):
 garbage-first heap   total 262144K, used 93794K [0x00000000e0000000, 0x0000000100000000)
  region size 1024K, 12 young (12288K), 1 survivors (1024K)
 Metaspace       used 75347K, committed 77376K, reserved 344064K
  class space    used 9795K, committed 10496K, reserved 212992K
}
Event: 28005.477 GC heap after
{Heap after GC invocations=51 (full 0):
 garbage-first heap   total 262144K, used 81521K [0x00000000e0000000, 0x0000000100000000)
  region size 1024K, 1 young (1024K), 1 survivors (1024K)
 Metaspace       used 75347K, committed 77376K, reserved 344064K
  class space    used 9795K, committed 10496K, reserved 212992K
}
Event: 28005.522 GC heap before
{Heap before GC invocations=51 (full 0):
 garbage-first heap   total 262144K, used 92785K [0x00000000e0000000, 0x0000000100000000)
  region size 1024K, 12 young (12288K), 1 survivors (1024K)
 Metaspace       used 75347K, committed 77376K, reserved 344064K
  class space    used 9795K, committed 10496K, reserved 212992K
}
Event: 28005.540 GC heap after
{Heap after GC invocations=52 (full 0):
 garbage-first heap   total 262144K, used 80466K [0x00000000e0000000, 0x0000000100000000)
  region size 1024K, 1 young (1024K), 1 survivors (1024K)
 Metaspace       used 75347K, committed 77376K, reserved 344064K
  class space    used 9795K, committed 10496K, reserved 212992K
}
Event: 28005.646 GC heap before
{Heap before GC invocations=52 (full 0):
 garbage-first heap   total 262144K, used 91730K [0x00000000e0000000, 0x0000000100000000)
  region size 1024K, 12 young (12288K), 1 survivors (1024K)
 Metaspace       used 75347K, committed 77376K, reserved 344064K
  class space    used 9795K, committed 10496K, reserved 212992K
}

